{"/home/denis/project/frontend-project-46/src/MakeParsingData.js": {"path":"/home/denis/project/frontend-project-46/src/MakeParsingData.js","statementMap":{"0":{"start":{"line":5,"column":25},"end":{"line":5,"column":64}},"1":{"start":{"line":5,"column":39},"end":{"line":5,"column":64}},"2":{"start":{"line":6,"column":23},"end":{"line":6,"column":62}},"3":{"start":{"line":6,"column":37},"end":{"line":6,"column":62}},"4":{"start":{"line":7,"column":26},"end":{"line":7,"column":99}},"5":{"start":{"line":7,"column":47},"end":{"line":7,"column":99}},"6":{"start":{"line":8,"column":27},"end":{"line":8,"column":66}},"7":{"start":{"line":8,"column":41},"end":{"line":8,"column":66}},"8":{"start":{"line":10,"column":23},"end":{"line":27,"column":1}},"9":{"start":{"line":11,"column":15},"end":{"line":11,"column":70}},"10":{"start":{"line":13,"column":17},"end":{"line":24,"column":15}},"11":{"start":{"line":14,"column":4},"end":{"line":16,"column":5}},"12":{"start":{"line":15,"column":6},"end":{"line":15,"column":41}},"13":{"start":{"line":17,"column":4},"end":{"line":19,"column":5}},"14":{"start":{"line":18,"column":6},"end":{"line":18,"column":39}},"15":{"start":{"line":20,"column":4},"end":{"line":22,"column":5}},"16":{"start":{"line":21,"column":6},"end":{"line":21,"column":48}},"17":{"start":{"line":23,"column":4},"end":{"line":23,"column":41}},"18":{"start":{"line":26,"column":2},"end":{"line":26,"column":27}},"19":{"start":{"line":29,"column":24},"end":{"line":37,"column":1}},"20":{"start":{"line":30,"column":24},"end":{"line":30,"column":62}},"21":{"start":{"line":31,"column":24},"end":{"line":31,"column":62}},"22":{"start":{"line":33,"column":16},"end":{"line":33,"column":67}},"23":{"start":{"line":34,"column":16},"end":{"line":34,"column":67}},"24":{"start":{"line":36,"column":2},"end":{"line":36,"column":38}}},"fnMap":{"0":{"name":"(anonymous_0)","decl":{"start":{"line":5,"column":25},"end":{"line":5,"column":26}},"loc":{"start":{"line":5,"column":39},"end":{"line":5,"column":64}},"line":5},"1":{"name":"(anonymous_1)","decl":{"start":{"line":6,"column":23},"end":{"line":6,"column":24}},"loc":{"start":{"line":6,"column":37},"end":{"line":6,"column":62}},"line":6},"2":{"name":"(anonymous_2)","decl":{"start":{"line":7,"column":26},"end":{"line":7,"column":27}},"loc":{"start":{"line":7,"column":47},"end":{"line":7,"column":99}},"line":7},"3":{"name":"(anonymous_3)","decl":{"start":{"line":8,"column":27},"end":{"line":8,"column":28}},"loc":{"start":{"line":8,"column":41},"end":{"line":8,"column":66}},"line":8},"4":{"name":"(anonymous_4)","decl":{"start":{"line":10,"column":23},"end":{"line":10,"column":24}},"loc":{"start":{"line":10,"column":39},"end":{"line":27,"column":1}},"line":10},"5":{"name":"(anonymous_5)","decl":{"start":{"line":13,"column":26},"end":{"line":13,"column":27}},"loc":{"start":{"line":13,"column":35},"end":{"line":24,"column":3}},"line":13},"6":{"name":"(anonymous_6)","decl":{"start":{"line":29,"column":24},"end":{"line":29,"column":25}},"loc":{"start":{"line":29,"column":50},"end":{"line":37,"column":1}},"line":29}},"branchMap":{"0":{"loc":{"start":{"line":14,"column":4},"end":{"line":16,"column":5}},"type":"if","locations":[{"start":{"line":14,"column":4},"end":{"line":16,"column":5}},{"start":{},"end":{}}],"line":14},"1":{"loc":{"start":{"line":17,"column":4},"end":{"line":19,"column":5}},"type":"if","locations":[{"start":{"line":17,"column":4},"end":{"line":19,"column":5}},{"start":{},"end":{}}],"line":17},"2":{"loc":{"start":{"line":20,"column":4},"end":{"line":22,"column":5}},"type":"if","locations":[{"start":{"line":20,"column":4},"end":{"line":22,"column":5}},{"start":{},"end":{}}],"line":20}},"s":{"0":1,"1":2,"2":1,"3":1,"4":1,"5":1,"6":1,"7":1,"8":1,"9":1,"10":1,"11":5,"12":2,"13":3,"14":1,"15":2,"16":1,"17":1,"18":1,"19":1,"20":1,"21":1,"22":1,"23":1,"24":1},"f":{"0":2,"1":1,"2":1,"3":1,"4":1,"5":5,"6":1},"b":{"0":[2,3],"1":[1,2],"2":[1,1]},"_coverageSchema":"1a1c01bbd47fc00a2c39e90264f33305004495a9","hash":"0d3395a130d8a01d2f5db6a31f366462b70ff088"}
}
